20:00:03 <zzz> 0) Hi
20:00:03 <zzz> 1) 0.9.32 update (zzz)
20:00:03 <zzz> 2) 34C3 planning (zzz)
20:00:06 <zzz> 0) Hi
20:00:08 <zzz> hi
20:00:27 <zlatinb> hi
20:00:39 <zzz> 1) 0.9.32 update (zzz)
20:01:02 <zzz> built it last night, looks like echelon just flipped the news on
20:01:20 <zzz> I'll get to debian/launchpad tonight or tomorrow
20:01:41 <zzz> str4d, when can we expect android and maven?
20:02:22 <zzz> also, we'll need str4d or meeh to get the files to the website, lmk when you do that
20:02:54 <zzz> I've set the 0.9.33 date for late January
20:02:59 <zzz> anything else on 1) ?
20:03:54 <orignal_> hi
20:04:05 <zzz> 2) 34C3 planning (zzz)
20:04:20 <zzz> we're all set on tickets, we'll have about 8 people there
20:04:48 <zzz> they announced the new way assemblies will be set up. hottuna2 usually signs us up, will you do that this year?
20:05:43 <zzz> ok, we'll have to followup with hottuna2 to make sure we get a reserved table
20:05:47 <zzz> anything else on 2) ?
20:05:57 <zlatinb> I might just show up and meet you for drinks outside
20:05:57 <zlatinb> unless I'm lucky and get a ticket
20:07:09 <zzz> we did have extra tickets, they may have expired though. ask echelon
20:07:12 <zzz> anything else on 2) ?
20:07:31 <zzz> anything else for the meeting?
20:09:00 * zzz *baffs* the meeting closed
